2022-11-07 17:45:25 INFO  Log:11 - =====================================loginTest TEST START=========================================
2022-11-07 17:45:25 INFO  Log:22 - Enter Username and Password
2022-11-07 17:45:31 INFO  Log:22 - Verifying if user is able to login
2022-11-07 17:45:31 INFO  Log:22 - Login is Success
2022-11-07 17:45:38 INFO  Log:22 - Viewing Employee Profiles List is Successful
2022-11-07 17:45:38 INFO  Log:22 - Verifying Employee control status
2022-11-07 17:45:46 INFO  Log:22 - Viewing a Employee Profiles is Successful
2022-11-07 17:45:51 INFO  Log:22 - Close the selected employee profile is Successful
2022-11-07 17:45:56 INFO  Log:22 - Reviewing Employee Leaves is Successful
2022-11-07 17:46:01 INFO  Log:22 - Close the selected employee leaves popup is Successful
2022-11-07 17:46:13 INFO  Log:22 - Viewing Report Page is Successful
2022-11-07 17:46:20 INFO  Log:22 - Viewing Attendance Report is Successful
2022-11-07 17:46:27 INFO  Log:22 - Viewing Time-Sheet(Time-Track) Page is Successful
2022-11-07 17:46:35 INFO  Log:22 - Viewing Approval Time-Track Page is Successful
2022-11-07 17:46:46 INFO  Log:22 - Approval of selected Time-Track records is Successful
2022-11-07 17:46:56 INFO  Log:22 - Rejection of selected Time-Track records is Successful
2022-11-07 17:47:05 INFO  Log:22 - LogOut is Successful
2022-11-07 17:47:05 INFO  Log:15 - =====================================loginTest TEST END=========================================
2022-11-07 18:33:13 INFO  Log:11 - =====================================loginTest TEST START=========================================
2022-11-07 18:33:13 INFO  Log:22 - Enter Username and Password
2022-11-07 18:33:19 INFO  Log:22 - Verifying if user is able to login
2022-11-07 18:33:19 INFO  Log:22 - Login is Success
2022-11-07 18:33:26 INFO  Log:22 - LogOut is Success
2022-11-07 18:33:26 INFO  Log:15 - =====================================loginTest TEST END=========================================
2022-11-07 18:34:50 INFO  Log:11 - =====================================loginTest TEST START=========================================
2022-11-07 18:34:50 INFO  Log:22 - Enter Username and Password
2022-11-07 18:34:56 INFO  Log:22 - Verifying if user is able to login
2022-11-07 18:34:56 INFO  Log:22 - Login is Success
2022-11-07 18:35:04 INFO  Log:22 - LogOut is Success
2022-11-07 18:35:04 INFO  Log:15 - =====================================loginTest TEST END=========================================
2022-11-07 18:43:13 INFO  Log:11 - =====================================loginTest TEST START=========================================
2022-11-07 18:43:13 INFO  Log:22 - Enter Username and Password
2022-11-07 18:43:19 INFO  Log:22 - Verifying if user is able to login
2022-11-07 18:43:19 INFO  Log:22 - Login is Success
2022-11-07 18:43:26 INFO  Log:22 - LogOut is Success
2022-11-07 18:43:26 INFO  Log:15 - =====================================loginTest TEST END=========================================
2022-11-07 18:46:04 INFO  Log:11 - =====================================loginTest TEST START=========================================
2022-11-07 18:46:04 INFO  Log:22 - Enter Username and Password
2022-11-07 18:46:11 INFO  Log:22 - Verifying if user is able to login
2022-11-07 18:46:11 INFO  Log:22 - Login is Success
2022-11-07 18:46:19 INFO  Log:22 - LogOut is Success
2022-11-07 18:46:19 INFO  Log:15 - =====================================loginTest TEST END=========================================
2022-11-07 18:48:13 INFO  Log:11 - =====================================loginTest TEST START=========================================
2022-11-07 18:48:13 INFO  Log:22 - Enter Username and Password
2022-11-07 18:48:20 INFO  Log:22 - Verifying if user is able to login
2022-11-07 18:48:20 INFO  Log:22 - Login is Success
2022-11-07 18:48:27 INFO  Log:22 - LogOut is Success
2022-11-07 18:48:27 INFO  Log:15 - =====================================loginTest TEST END=========================================
2022-11-07 18:53:13 INFO  Log:11 - =====================================loginTest TEST START=========================================
2022-11-07 18:53:13 INFO  Log:22 - Enter Username and Password
2022-11-07 18:53:20 INFO  Log:22 - Verifying if user is able to login
2022-11-07 18:53:20 INFO  Log:22 - Login is Success
2022-11-07 18:53:27 INFO  Log:22 - LogOut is Success
2022-11-07 18:53:27 INFO  Log:15 - =====================================loginTest TEST END=========================================
2022-11-07 18:59:09 INFO  Log:11 - =====================================loginTest TEST START=========================================
2022-11-07 18:59:09 INFO  Log:22 - Enter Username and Password
2022-11-07 18:59:16 INFO  Log:22 - Verifying if user is able to login
2022-11-07 18:59:16 INFO  Log:22 - Login is Success
2022-11-07 18:59:25 INFO  Log:22 - Viewing Employee Profiles List is Successful
2022-11-07 18:59:25 INFO  Log:22 - Verifying Employee control status
2022-11-07 18:59:33 INFO  Log:22 - Viewing a Employee Profiles is Successful
2022-11-07 18:59:38 INFO  Log:22 - Close the selected employee profile is Successful
2022-11-07 18:59:43 INFO  Log:22 - Reviewing Employee Leaves is Successful
2022-11-07 18:59:48 INFO  Log:22 - Close the selected employee leaves popup is Successful
2022-11-07 18:59:56 INFO  Log:22 - LogOut is Successful
2022-11-07 18:59:56 INFO  Log:15 - =====================================loginTest TEST END=========================================
2022-11-07 19:04:46 INFO  Log:11 - =====================================loginTest TEST START=========================================
2022-11-07 19:04:46 INFO  Log:22 - Enter Username and Password
2022-11-07 19:04:53 INFO  Log:22 - Verifying if user is able to login
2022-11-07 19:04:53 INFO  Log:22 - Login is Success
2022-11-07 19:05:01 INFO  Log:22 - Viewing Employee Profiles List is Successful
2022-11-07 19:05:01 INFO  Log:22 - Verifying Employee control status
2022-11-07 19:05:10 INFO  Log:22 - Viewing a Employee Profiles is Successful
2022-11-07 19:05:15 INFO  Log:22 - Close the selected employee profile is Successful
2022-11-07 19:05:20 INFO  Log:22 - Reviewing Employee Leaves is Successful
2022-11-07 19:05:25 INFO  Log:22 - Close the selected employee leaves popup is Successful
2022-11-07 19:05:36 INFO  Log:22 - Viewing Report Page is Successful
2022-11-07 19:05:44 INFO  Log:22 - Viewing Attendance Report is Successful
2022-11-07 19:05:51 INFO  Log:22 - LogOut is Successful
2022-11-07 19:05:51 INFO  Log:15 - =====================================loginTest TEST END=========================================
2022-11-07 19:15:51 INFO  Log:11 - =====================================loginTest TEST START=========================================
2022-11-07 19:15:51 INFO  Log:22 - Enter Username and Password
2022-11-07 19:15:58 INFO  Log:22 - Verifying if user is able to login
2022-11-07 19:15:58 INFO  Log:22 - Login is Success
2022-11-07 19:16:06 INFO  Log:22 - Viewing Employee Profiles List is Successful
2022-11-07 19:16:07 INFO  Log:22 - Verifying Employee control status
2022-11-07 19:16:15 INFO  Log:22 - Viewing a Employee Profiles is Successful
2022-11-07 19:16:20 INFO  Log:22 - Close the selected employee profile is Successful
2022-11-07 19:16:25 INFO  Log:22 - Reviewing Employee Leaves is Successful
2022-11-07 19:16:30 INFO  Log:22 - Close the selected employee leaves popup is Successful
2022-11-07 19:16:43 INFO  Log:22 - Viewing Report Page is Successful
2022-11-07 19:16:51 INFO  Log:22 - Viewing Attendance Report is Successful
2022-11-07 19:16:58 INFO  Log:22 - Viewing Time-Sheet(Time-Track) Page is Successful
2022-11-07 19:17:06 INFO  Log:22 - Viewing Approval Time-Track Page is Successful
2022-11-07 19:17:17 INFO  Log:22 - Approval of selected Time-Track records is Successful
2022-11-07 19:17:28 INFO  Log:22 - Rejection of selected Time-Track records is Successful
2022-11-07 19:17:37 INFO  Log:22 - LogOut is Successful
2022-11-07 19:17:37 INFO  Log:15 - =====================================loginTest TEST END=========================================
2022-11-07 19:29:16 INFO  Log:11 - =====================================loginTest TEST START=========================================
2022-11-07 19:29:16 INFO  Log:22 - Enter Username and Password
2022-11-07 19:29:23 INFO  Log:22 - Verifying if user is able to login
2022-11-07 19:29:23 INFO  Log:22 - Login is Success
2022-11-07 19:29:32 INFO  Log:22 - Viewing Employee Profiles List is Successful
2022-11-07 19:29:32 INFO  Log:22 - Verifying Employee control status
2022-11-07 19:29:40 INFO  Log:22 - Viewing a Employee Profiles is Successful
2022-11-07 19:29:45 INFO  Log:22 - Close the selected employee profile is Successful
2022-11-07 19:29:50 INFO  Log:22 - Reviewing Employee Leaves is Successful
2022-11-07 19:29:55 INFO  Log:22 - Close the selected employee leaves popup is Successful
2022-11-07 19:30:09 INFO  Log:22 - Viewing Report Page is Successful
2022-11-07 19:30:18 INFO  Log:22 - Viewing Attendance Report is Successful
2022-11-07 19:30:25 INFO  Log:22 - Viewing Time-Sheet(Time-Track) Page is Successful
2022-11-07 19:30:34 INFO  Log:22 - Viewing Approval Time-Track Page is Successful
2022-11-07 19:30:46 INFO  Log:22 - Approval of selected Time-Track records is Successful
2022-11-07 19:30:57 INFO  Log:22 - Rejection of selected Time-Track records is Successful
2022-11-07 19:31:05 INFO  Log:22 - LogOut is Successful
2022-11-07 19:31:05 INFO  Log:15 - =====================================loginTest TEST END=========================================
